<?xml version="1.0" encoding="UTF-8"?>
<testng-results skipped="0" failed="0" ignored="0" total="1" passed="1">
  <reporter-output>
  </reporter-output>
  <suite name="Default suite" duration-ms="8265" started-at="2020-07-21T09:35:24Z" finished-at="2020-07-21T09:35:33Z">
    <groups>
    </groups>
    <test name="Default test" duration-ms="8265" started-at="2020-07-21T09:35:24Z" finished-at="2020-07-21T09:35:33Z">
      <class name="org.church.FbPOM">
        <test-method status="PASS" signature="login()[pri:0, instance:org.church.FbPOM@58651fd0]" name="login" duration-ms="8231" started-at="2020-07-21T09:35:24Z" finished-at="2020-07-21T09:35:33Z">
          <reporter-output>
          </reporter-output>
        </test-method> <!-- login -->
      </class> <!-- org.church.FbPOM -->
    </test> <!-- Default test -->
  </suite> <!-- Default suite -->
</testng-results>
